<?xml version="1.0" encoding="UTF-8"?>
<!-- Generated by org.testng.reporters.JUnitXMLReporter -->
<testsuite ignored="0" hostname="DESKTOP-LD88KNN" failures="0" tests="2" name="BeforeSuiteAnnotation" time="0.09" errors="0" timestamp="2022-09-30T15:52:21 PDT">
  <testcase classname="beforeSuiteAnnotations.AnnotationInTestNG" name="testcase1" time="0.01"/>
  <testcase classname="beforeSuiteAnnotations.AnnotationInTestNG" name="testcase2" time="0.003"/>
</testsuite> <!-- BeforeSuiteAnnotation -->
