<?xml version="1.0" encoding="UTF-8"?>
<!-- Generated by org.testng.reporters.JUnitXMLReporter -->
<testsuite ignored="3" hostname="DESKTOP-LD88KNN" failures="0" tests="3" name="TanvirShindeTest" time="0.108" errors="0" timestamp="2022-10-10T12:29:33 PDT">
  <testcase classname="groupofTestCaseExecute.GroupingOfTestCases" name="testCase4" time="0.021"/>
  <testcase classname="groupofTestCaseExecute.GroupingOfTestCases" name="testCase5" time="0.022"/>
  <testcase classname="groupofTestCaseExecute.GroupingOfTestCases" name="testCase3" time="0.022"/>
  <testcase classname="groupofTestCaseExecute.GroupingOfTestCases" name="testCase1" time="0.0">
    <ignored/>
  </testcase> <!-- testCase1 -->
  <testcase classname="groupofTestCaseExecute.GroupingOfTestCases" name="testCase2" time="0.0">
    <ignored/>
  </testcase> <!-- testCase2 -->
  <testcase classname="groupofTestCaseExecute.GroupingOfTestCases" name="extraMethod" time="0.0">
    <ignored/>
  </testcase> <!-- extraMethod -->
</testsuite> <!-- TanvirShindeTest -->
