<?xml version="1.0" encoding="UTF-8"?>
<!-- Generated by org.testng.reporters.JUnitXMLReporter -->
<testsuite ignored="0" hostname="DESKTOP-LD88KNN" failures="0" tests="4" name="TanvirShinde" time="0.177" errors="0" timestamp="2022-10-06T14:53:17 PDT">
  <testcase classname="annotations.BeforeAfterTestAnnotations" name="case1" time="0.018"/>
  <testcase classname="annotations.BeforeAfterTestAnnotations" name="case2" time="0.009"/>
  <testcase classname="annotations.BeforeAfterClassAnnotations" name="case1" time="0.007"/>
  <testcase classname="annotations.BeforeAfterClassAnnotations" name="case2" time="0.009"/>
</testsuite> <!-- TanvirShinde -->
